[debug] [2022-07-17T18:40:12.470Z] ----------------------------------------------------------------------
[debug] [2022-07-17T18:40:12.472Z] Command:       /opt/nodejs/16.14.2/bin/node /home/codespace/.nodejs/current/bin/firebase login
[debug] [2022-07-17T18:40:12.472Z] CLI Version:   11.2.2
[debug] [2022-07-17T18:40:12.472Z] Platform:      linux
[debug] [2022-07-17T18:40:12.472Z] Node Version:  v16.14.2
[debug] [2022-07-17T18:40:12.509Z] Time:          Sun Jul 17 2022 18:40:12 GMT+0000 (Coordinated Universal Time)
[debug] [2022-07-17T18:40:12.509Z] Env Overrides: GITHUB_API_URL
[debug] [2022-07-17T18:40:12.509Z] ----------------------------------------------------------------------
[debug] 
[debug] [2022-07-17T18:40:12.511Z] >>> [apiv2][query] GET https://firebase-public.firebaseio.com/cli.json [none]
[info] i  Firebase optionally collects CLI usage and error reporting information to help improve our products. Data is collected in accordance with Google's privacy policy (https://policies.google.com/privacy) and is not used to identify you.
 
[debug] [2022-07-17T18:40:12.781Z] <<< [apiv2][status] GET https://firebase-public.firebaseio.com/cli.json 200
[debug] [2022-07-17T18:40:12.781Z] <<< [apiv2][body] GET https://firebase-public.firebaseio.com/cli.json {"cloudBuildErrorAfter":1594252800000,"cloudBuildWarnAfter":1590019200000,"defaultNode10After":1594252800000,"minVersion":"3.0.5","node8DeploysDisabledAfter":1613390400000,"node8RuntimeDisabledAfter":1615809600000,"node8WarnAfter":1600128000000}
[info] i  To change your data collection preference at any time, run `firebase logout` and log in again. 
[debug] [2022-07-17T18:40:19.456Z] >>> [apiv2][query] POST https://auth.firebase.tools/attest [none]
[debug] [2022-07-17T18:40:19.456Z] >>> [apiv2][body] POST https://auth.firebase.tools/attest {"session_id":"ffe85541-55c2-4178-9e13-969610c6f70f"}
[debug] [2022-07-17T18:40:19.853Z] <<< [apiv2][status] POST https://auth.firebase.tools/attest 200
[debug] [2022-07-17T18:40:19.854Z] <<< [apiv2][body] POST https://auth.firebase.tools/attest {"token":"2QvUBTteoZ3Og-4OPxCK-V4UQM4rcUsJxIJtGlW_G2U"}
[info] 
[info] To sign in to the Firebase CLI:
[info] 
[info] 1. Take note of your session ID:
[info] 
[info]    FFE85
[info] 
[info] 2. Visit the URL below on any device and follow the instructions to get your code:
[info] 
[info]    https://auth.firebase.tools/login?code_challenge=XffTSIPflFfl72nICeMajk9xrKmLROaOVXBWDCxUOr8&session=ffe85541-55c2-4178-9e13-969610c6f70f&attest=2QvUBTteoZ3Og-4OPxCK-V4UQM4rcUsJxIJtGlW_G2U
[info] 
[info] 3. Paste or enter the authorization code below once you have it:
[info] 
[debug] [2022-07-17T18:40:46.087Z] >>> [apiv2][query] POST https://accounts.google.com/o/oauth2/token [none]
[debug] [2022-07-17T18:40:46.087Z] >>> [apiv2][body] POST https://accounts.google.com/o/oauth2/token [omitted]
[debug] [2022-07-17T18:40:46.163Z] <<< [apiv2][status] POST https://accounts.google.com/o/oauth2/token 200
